# JRE version: OpenJDK Runtime Environment Temurin-21.0.3+9 (21.0.3+9) (build 21.0.3+9-LTS)
# Java VM: OpenJDK 64-Bit Server VM Temurin-21.0.3+9 (21.0.3+9-LTS, mixed mode, emulated-client, tiered, compressed oops, compressed class ptrs, g1 gc, windows-amd64)
GC Precious Log:
 CardTable entry size: 512
 Card Set container configuration: InlinePtr #cards 4 size 8 Array Of Cards #cards 16 size 48 Howl #buckets 8 coarsen threshold 3686 Howl Bitmap #cards 512 size 80 coarsen threshold 460 Card regions per heap region 1 cards per card region 4096
 CPUs: 12 total, 12 available
 Memory: 15779M
 Large Page Support: Disabled
 NUMA Support: Disabled
 Compressed Oops: Enabled (Zero based)
 Heap Region Size: 2M
 Heap Min Capacity: 8M
 Heap Initial Capacity: 248M
 Heap Max Capacity: 3946M
 Pre-touch: Disabled
 Parallel Workers: 10
 Concurrent Workers: 3
 Concurrent Refinement Workers: 10
 Periodic GC: Disabled
Heap:
 garbage-first heap   total 61440K, used 50086K [0x0000000709600000, 0x0000000800000000)
  region size 2048K, 15 young (30720K), 2 survivors (4096K)
 Metaspace       used 68399K, committed 69120K, reserved 1114112K
  class space    used 9097K, committed 9408K, reserved 1048576K
GC Heap History (20 events):
Event: 0.733 GC heap after
{Heap after GC invocations=4 (full 0):
 garbage-first heap   total 40960K, used 10419K [0x0000000709600000, 0x0000000800000000)
  region size 2048K, 2 young (4096K), 2 survivors (4096K)
 Metaspace       used 26964K, committed 27264K, reserved 1114112K
  class space    used 3050K, committed 3200K, reserved 1048576K
}
Event: 0.803 GC heap before
{Heap before GC invocations=4 (full 0):
 garbage-first heap   total 40960K, used 26803K [0x0000000709600000, 0x0000000800000000)
  region size 2048K, 10 young (20480K), 2 survivors (4096K)
 Metaspace       used 30038K, committed 30400K, reserved 1114112K
  class space    used 3472K, committed 3648K, reserved 1048576K
}
Event: 0.807 GC heap after
{Heap after GC invocations=5 (full 0):
 garbage-first heap   total 40960K, used 12184K [0x0000000709600000, 0x0000000800000000)
  region size 2048K, 2 young (4096K), 2 survivors (4096K)
 Metaspace       used 30038K, committed 30400K, reserved 1114112K
  class space    used 3472K, committed 3648K, reserved 1048576K
}
Event: 0.923 GC heap before
{Heap before GC invocations=5 (full 0):
 garbage-first heap   total 40960K, used 26520K [0x0000000709600000, 0x0000000800000000)
  region size 2048K, 9 young (18432K), 2 survivors (4096K)
 Metaspace       used 30963K, committed 31296K, reserved 1114112K
  class space    used 3623K, committed 3776K, reserved 1048576K
}
Event: 0.927 GC heap after
{Heap after GC invocations=6 (full 0):
 garbage-first heap   total 40960K, used 12935K [0x0000000709600000, 0x0000000800000000)
  region size 2048K, 2 young (4096K), 2 survivors (4096K)
 Metaspace       used 30963K, committed 31296K, reserved 1114112K
  class space    used 3623K, committed 3776K, reserved 1048576K
}
Event: 1.082 GC heap before
{Heap before GC invocations=6 (full 0):
 garbage-first heap   total 40960K, used 29319K [0x0000000709600000, 0x0000000800000000)
  region size 2048K, 10 young (20480K), 2 survivors (4096K)
 Metaspace       used 33528K, committed 33920K, reserved 1114112K
  class space    used 4009K, committed 4160K, reserved 1048576K
}
Event: 1.086 GC heap after
{Heap after GC invocations=7 (full 0):
 garbage-first heap   total 147456K, used 14615K [0x0000000709600000, 0x0000000800000000)
  region size 2048K, 2 young (4096K), 2 survivors (4096K)
 Metaspace       used 33528K, committed 33920K, reserved 1114112K
  class space    used 4009K, committed 4160K, reserved 1048576K
}
Event: 1.189 GC heap before
{Heap before GC invocations=7 (full 0):
 garbage-first heap   total 147456K, used 24855K [0x0000000709600000, 0x0000000800000000)
  region size 2048K, 8 young (16384K), 2 survivors (4096K)
 Metaspace       used 35481K, committed 35968K, reserved 1114112K
  class space    used 4287K, committed 4544K, reserved 1048576K
}
Event: 1.193 GC heap after
{Heap after GC invocations=8 (full 0):
 garbage-first heap   total 147456K, used 15491K [0x0000000709600000, 0x0000000800000000)
  region size 2048K, 2 young (4096K), 2 survivors (4096K)
 Metaspace       used 35481K, committed 35968K, reserved 1114112K
  class space    used 4287K, committed 4544K, reserved 1048576K
}
Event: 1.506 GC heap before
{Heap before GC invocations=9 (full 0):
 garbage-first heap   total 61440K, used 48259K [0x0000000709600000, 0x0000000800000000)
  region size 2048K, 18 young (36864K), 2 survivors (4096K)
 Metaspace       used 41635K, committed 42176K, reserved 1114112K
  class space    used 5088K, committed 5312K, reserved 1048576K
}
Event: 1.508 GC heap after
{Heap after GC invocations=10 (full 0):
 garbage-first heap   total 61440K, used 18578K [0x0000000709600000, 0x0000000800000000)
  region size 2048K, 3 young (6144K), 3 survivors (6144K)
 Metaspace       used 41635K, committed 42176K, reserved 1114112K
  class space    used 5088K, committed 5312K, reserved 1048576K
}
Event: 1.763 GC heap before
{Heap before GC invocations=10 (full 0):
 garbage-first heap   total 61440K, used 47250K [0x0000000709600000, 0x0000000800000000)
  region size 2048K, 17 young (34816K), 3 survivors (6144K)
 Metaspace       used 48612K, committed 49216K, reserved 1114112K
  class space    used 6053K, committed 6336K, reserved 1048576K
}
Event: 1.766 GC heap after
{Heap after GC invocations=11 (full 0):
 garbage-first heap   total 61440K, used 19609K [0x0000000709600000, 0x0000000800000000)
  region size 2048K, 3 young (6144K), 3 survivors (6144K)
 Metaspace       used 48612K, committed 49216K, reserved 1114112K
  class space    used 6053K, committed 6336K, reserved 1048576K
}
Event: 2.020 GC heap before
{Heap before GC invocations=11 (full 0):
 garbage-first heap   total 61440K, used 48281K [0x0000000709600000, 0x0000000800000000)
  region size 2048K, 17 young (34816K), 3 survivors (6144K)
 Metaspace       used 54535K, committed 55168K, reserved 1114112K
  class space    used 6948K, committed 7232K, reserved 1048576K
}
Event: 2.022 GC heap after
{Heap after GC invocations=12 (full 0):
 garbage-first heap   total 61440K, used 20981K [0x0000000709600000, 0x0000000800000000)
  region size 2048K, 2 young (4096K), 2 survivors (4096K)
 Metaspace       used 54535K, committed 55168K, reserved 1114112K
  class space    used 6948K, committed 7232K, reserved 1048576K
}
Event: 2.189 GC heap before
{Heap before GC invocations=12 (full 0):
 garbage-first heap   total 61440K, used 33269K [0x0000000709600000, 0x0000000800000000)
  region size 2048K, 10 young (20480K), 2 survivors (4096K)
 Metaspace       used 59510K, committed 60096K, reserved 1114112K
  class space    used 7704K, committed 8000K, reserved 1048576K
}
Event: 2.190 GC heap after
{Heap after GC invocations=13 (full 0):
 garbage-first heap   total 61440K, used 21438K [0x0000000709600000, 0x0000000800000000)
  region size 2048K, 2 young (4096K), 2 survivors (4096K)
 Metaspace       used 59510K, committed 60096K, reserved 1114112K
  class space    used 7704K, committed 8000K, reserved 1048576K
}
Event: 2.495 GC heap before
{Heap before GC invocations=14 (full 0):
 garbage-first heap   total 61440K, used 52158K [0x0000000709600000, 0x0000000800000000)
  region size 2048K, 17 young (34816K), 2 survivors (4096K)
 Metaspace       used 64960K, committed 65600K, reserved 1114112K
  class space    used 8658K, committed 8960K, reserved 1048576K
}
Event: 2.497 GC heap after
{Heap after GC invocations=15 (full 0):
 garbage-first heap   total 61440K, used 23462K [0x0000000709600000, 0x0000000800000000)
  region size 2048K, 3 young (6144K), 3 survivors (6144K)
 Metaspace       used 64960K, committed 65600K, reserved 1114112K
  class space    used 8658K, committed 8960K, reserved 1048576K
}
Event: 5.707 GC heap before
{Heap before GC invocations=15 (full 0):
 garbage-first heap   total 61440K, used 50086K [0x0000000709600000, 0x0000000800000000)
  region size 2048K, 16 young (32768K), 3 survivors (6144K)
 Metaspace       used 68399K, committed 69120K, reserved 1114112K
  class space    used 9097K, committed 9408K, reserved 1048576K
}

